Arguments: 
  /home/shock_dee/.nvm/versions/node/v16.17.1/bin/node /home/shock_dee/.node/corepack/yarn/1.22.19/bin/yarn.js add ardhat

PATH: 
  /home/shock_dee/.vscode-server/bin/d045a5eda657f4d7b676dedbfa7aab8207f8a075/bin/remote-cli:/home/shock_dee/.nvm/versions/node/v16.17.1/bin:/usr/local/sbin:/usr/local/bin:/usr/sbin:/usr/bin:/sbin:/bin:/usr/games:/usr/local/games:/usr/lib/wsl/lib:/mnt/c/Python310/Scripts/:/mnt/c/Python310/:/mnt/c/Windows/system32:/mnt/c/Windows:/mnt/c/Windows/System32/Wbem:/mnt/c/Windows/System32/WindowsPowerShell/v1.0/:/mnt/c/Windows/System32/OpenSSH/:/mnt/c/Program Files/nodejs/:/mnt/c/ProgramData/chocolatey/bin:/mnt/c/Program Files/Git/cmd:/mnt/c/Users/Shock Dee/AppData/Local/Microsoft/WindowsApps:/mnt/c/Users/Shock Dee/AppData/Local/Programs/Microsoft VS Code/bin:/mnt/c/Users/Shock Dee/AppData/Roaming/npm:/snap/bin

Yarn version: 
  1.22.19

Node version: 
  16.17.1

Platform: 
  linux x64

Trace: 
  Error: https://registry.yarnpkg.com/ardhat: Not found
      at Request.params.callback [as _callback] (/home/shock_dee/.node/corepack/yarn/1.22.19/lib/cli.js:66145:18)
      at Request.self.callback (/home/shock_dee/.node/corepack/yarn/1.22.19/lib/cli.js:140890:22)
      at Request.emit (node:events:513:28)
      at Request.<anonymous> (/home/shock_dee/.node/corepack/yarn/1.22.19/lib/cli.js:141862:10)
      at Request.emit (node:events:513:28)
      at IncomingMessage.<anonymous> (/home/shock_dee/.node/corepack/yarn/1.22.19/lib/cli.js:141784:12)
      at Object.onceWrapper (node:events:627:28)
      at IncomingMessage.emit (node:events:525:35)
      at endReadableNT (node:internal/streams/readable:1358:12)
      at processTicksAndRejections (node:internal/process/task_queues:83:21)

npm manifest: 
  {
    "name": "hardhat-fund-me-fcc",
    "version": "1.0.0",
    "main": "index.js",
    "license": "MIT"
  }

yarn manifest: 
  No manifest

Lockfile: 
  No lockfile
